<?xml version="1.0" encoding="UTF-8"?>
<testng-results skipped="1" failed="0" ignored="0" total="1" passed="0">
  <reporter-output>
  </reporter-output>
  <suite name="Default suite" duration-ms="45210" started-at="2020-09-29T15:43:22 IST" finished-at="2020-09-29T15:44:07 IST">
    <groups>
    </groups>
    <test name="Default test" duration-ms="45210" started-at="2020-09-29T15:43:22 IST" finished-at="2020-09-29T15:44:07 IST">
      <class name="com.testcases.AdminApp">
        <test-method status="FAIL" signature="setup()[pri:0, instance:com.testcases.AdminApp@c03cf28]" name="setup" is-config="true" duration-ms="45047" started-at="2020-09-29T15:43:22 IST" finished-at="2020-09-29T15:44:07 IST">
          <exception class="org.openqa.selenium.SessionNotCreatedException">
            <message>
              <![CDATA[session not created
from chrome not reachable
  (Session info: chrome=85.0.4183.121)
Build info: version: '3.141.59', revision: 'e82be7d358', time: '2018-11-14T08:17:03'
System info: host: 'DESKTOP-N0G48FS', ip: '192.168.1.2', os.name: 'Windows 10', os.arch: 'amd64', os.version: '10.0', java.version: '1.8.0_241'
Driver info: driver.version: ChromeDriver
remote stacktrace: Backtrace:
Ordinal0 [0x0036D383+3134339]
Ordinal0 [0x0025A171+2007409]
Ordinal0 [0x000FAD90+568720]
Ordinal0 [0x000F1364+529252]
Ordinal0 [0x000F1E4E+532046]
Ordinal0 [0x000F2C15+535573]
Ordinal0 [0x000EDFC5+516037]
Ordinal0 [0x000FBF70+573296]
Ordinal0 [0x000A1916+203030]
Ordinal0 [0x000A0C1D+199709]
Ordinal0 [0x0009EB0B+191243]
Ordinal0 [0x00082E77+77431]
Ordinal0 [0x00083E3E+81470]
Ordinal0 [0x00083DC9+81353]
Ordinal0 [0x00270CD9+2100441]
GetHandleVerifier [0x004DB75A+1396954]
GetHandleVerifier [0x004DB3D9+1396057]
GetHandleVerifier [0x004E7126+1444518]
GetHandleVerifier [0x004DBCE8+1398376]
Ordinal0 [0x00267F51+2064209]
Ordinal0 [0x002722EB+2106091]
Ordinal0 [0x00272411+2106385]
Ordinal0 [0x002849C4+2181572]
BaseThreadInitThunk [0x75016359+25]
RtlGetAppContainerNamedObjectPath [0x77027C24+228]
RtlGetAppContainerNamedObjectPath [0x77027BF4+180]
(No symbol) [0x00000000]
]]>
            </message>
            <full-stacktrace>
              <![CDATA[org.openqa.selenium.SessionNotCreatedException: session not created
from chrome not reachable
  (Session info: chrome=85.0.4183.121)
Build info: version: '3.141.59', revision: 'e82be7d358', time: '2018-11-14T08:17:03'
System info: host: 'DESKTOP-N0G48FS', ip: '192.168.1.2', os.name: 'Windows 10', os.arch: 'amd64', os.version: '10.0', java.version: '1.8.0_241'
Driver info: driver.version: ChromeDriver
remote stacktrace: Backtrace:
Ordinal0 [0x0036D383+3134339]
Ordinal0 [0x0025A171+2007409]
Ordinal0 [0x000FAD90+568720]
Ordinal0 [0x000F1364+529252]
Ordinal0 [0x000F1E4E+532046]
Ordinal0 [0x000F2C15+535573]
Ordinal0 [0x000EDFC5+516037]
Ordinal0 [0x000FBF70+573296]
Ordinal0 [0x000A1916+203030]
Ordinal0 [0x000A0C1D+199709]
Ordinal0 [0x0009EB0B+191243]
Ordinal0 [0x00082E77+77431]
Ordinal0 [0x00083E3E+81470]
Ordinal0 [0x00083DC9+81353]
Ordinal0 [0x00270CD9+2100441]
GetHandleVerifier [0x004DB75A+1396954]
GetHandleVerifier [0x004DB3D9+1396057]
GetHandleVerifier [0x004E7126+1444518]
GetHandleVerifier [0x004DBCE8+1398376]
Ordinal0 [0x00267F51+2064209]
Ordinal0 [0x002722EB+2106091]
Ordinal0 [0x00272411+2106385]
Ordinal0 [0x002849C4+2181572]
BaseThreadInitThunk [0x75016359+25]
RtlGetAppContainerNamedObjectPath [0x77027C24+228]
RtlGetAppContainerNamedObjectPath [0x77027BF4+180]
(No symbol) [0x00000000]

at sun.reflect.NativeConstructorAccessorImpl.newInstance0(Native Method)
at sun.reflect.NativeConstructorAccessorImpl.newInstance(Unknown Source)
at sun.reflect.DelegatingConstructorAccessorImpl.newInstance(Unknown Source)
at java.lang.reflect.Constructor.newInstance(Unknown Source)
at org.openqa.selenium.remote.W3CHandshakeResponse.lambda$errorHandler$0(W3CHandshakeResponse.java:62)
at org.openqa.selenium.remote.HandshakeResponse.lambda$getResponseFunction$0(HandshakeResponse.java:30)
at org.openqa.selenium.remote.ProtocolHandshake.lambda$createSession$0(ProtocolHandshake.java:126)
at java.util.stream.ReferencePipeline$3$1.accept(Unknown Source)
at java.util.Spliterators$ArraySpliterator.tryAdvance(Unknown Source)
at java.util.stream.ReferencePipeline.forEachWithCancel(Unknown Source)
at java.util.stream.AbstractPipeline.copyIntoWithCancel(Unknown Source)
at java.util.stream.AbstractPipeline.copyInto(Unknown Source)
at java.util.stream.AbstractPipeline.wrapAndCopyInto(Unknown Source)
at java.util.stream.FindOps$FindOp.evaluateSequential(Unknown Source)
at java.util.stream.AbstractPipeline.evaluate(Unknown Source)
at java.util.stream.ReferencePipeline.findFirst(Unknown Source)
at org.openqa.selenium.remote.ProtocolHandshake.createSession(ProtocolHandshake.java:128)
at org.openqa.selenium.remote.ProtocolHandshake.createSession(ProtocolHandshake.java:74)
at org.openqa.selenium.remote.HttpCommandExecutor.execute(HttpCommandExecutor.java:136)
at org.openqa.selenium.remote.service.DriverCommandExecutor.execute(DriverCommandExecutor.java:83)
at org.openqa.selenium.remote.RemoteWebDriver.execute(RemoteWebDriver.java:552)
at org.openqa.selenium.remote.RemoteWebDriver.startSession(RemoteWebDriver.java:213)
at org.openqa.selenium.remote.RemoteWebDriver.<init>(RemoteWebDriver.java:131)
at org.openqa.selenium.chrome.ChromeDriver.<init>(ChromeDriver.java:181)
at org.openqa.selenium.chrome.ChromeDriver.<init>(ChromeDriver.java:168)
at org.openqa.selenium.chrome.ChromeDriver.<init>(ChromeDriver.java:123)
at com.utility.BrowserFactory.startApplication(BrowserFactory.java:16)
at com.utility.BaseClass.setup(BaseClass.java:15)
at sun.reflect.NativeMethodAccessorImpl.invoke0(Native Method)
at sun.reflect.NativeMethodAccessorImpl.invoke(Unknown Source)
at sun.reflect.DelegatingMethodAccessorImpl.invoke(Unknown Source)
at java.lang.reflect.Method.invoke(Unknown Source)
at org.testng.internal.MethodInvocationHelper.invokeMethod(MethodInvocationHelper.java:135)
at org.testng.internal.MethodInvocationHelper.invokeMethodConsideringTimeout(MethodInvocationHelper.java:64)
at org.testng.internal.ConfigInvoker.invokeConfigurationMethod(ConfigInvoker.java:364)
at org.testng.internal.ConfigInvoker.invokeConfigurations(ConfigInvoker.java:318)
at org.testng.internal.TestMethodWorker.invokeBeforeClassMethods(TestMethodWorker.java:176)
at org.testng.internal.TestMethodWorker.run(TestMethodWorker.java:122)
at java.util.ArrayList.forEach(Unknown Source)
at org.testng.TestRunner.privateRun(TestRunner.java:767)
at org.testng.TestRunner.run(TestRunner.java:588)
at org.testng.SuiteRunner.runTest(SuiteRunner.java:384)
at org.testng.SuiteRunner.runSequentially(SuiteRunner.java:378)
at org.testng.SuiteRunner.privateRun(SuiteRunner.java:337)
at org.testng.SuiteRunner.run(SuiteRunner.java:286)
at org.testng.SuiteRunnerWorker.runSuite(SuiteRunnerWorker.java:53)
at org.testng.SuiteRunnerWorker.run(SuiteRunnerWorker.java:96)
at org.testng.TestNG.runSuitesSequentially(TestNG.java:1214)
at org.testng.TestNG.runSuitesLocally(TestNG.java:1136)
at org.testng.TestNG.runSuites(TestNG.java:1066)
at org.testng.TestNG.run(TestNG.java:1034)
at org.testng.remote.AbstractRemoteTestNG.run(AbstractRemoteTestNG.java:115)
at org.testng.remote.RemoteTestNG.initAndRun(RemoteTestNG.java:251)
at org.testng.remote.RemoteTestNG.main(RemoteTestNG.java:77)
]]>
            </full-stacktrace>
          </exception> <!-- org.openqa.selenium.SessionNotCreatedException -->
          <reporter-output>
          </reporter-output>
        </test-method> <!-- setup -->
        <test-method status="SKIP" signature="adminloginapp()[pri:0, instance:com.testcases.AdminApp@c03cf28]" name="adminloginapp" duration-ms="0" started-at="2020-09-29T15:44:07 IST" finished-at="2020-09-29T15:44:07 IST">
          <exception class="org.openqa.selenium.SessionNotCreatedException">
            <message>
              <![CDATA[session not created
from chrome not reachable
  (Session info: chrome=85.0.4183.121)
Build info: version: '3.141.59', revision: 'e82be7d358', time: '2018-11-14T08:17:03'
System info: host: 'DESKTOP-N0G48FS', ip: '192.168.1.2', os.name: 'Windows 10', os.arch: 'amd64', os.version: '10.0', java.version: '1.8.0_241'
Driver info: driver.version: ChromeDriver
remote stacktrace: Backtrace:
Ordinal0 [0x0036D383+3134339]
Ordinal0 [0x0025A171+2007409]
Ordinal0 [0x000FAD90+568720]
Ordinal0 [0x000F1364+529252]
Ordinal0 [0x000F1E4E+532046]
Ordinal0 [0x000F2C15+535573]
Ordinal0 [0x000EDFC5+516037]
Ordinal0 [0x000FBF70+573296]
Ordinal0 [0x000A1916+203030]
Ordinal0 [0x000A0C1D+199709]
Ordinal0 [0x0009EB0B+191243]
Ordinal0 [0x00082E77+77431]
Ordinal0 [0x00083E3E+81470]
Ordinal0 [0x00083DC9+81353]
Ordinal0 [0x00270CD9+2100441]
GetHandleVerifier [0x004DB75A+1396954]
GetHandleVerifier [0x004DB3D9+1396057]
GetHandleVerifier [0x004E7126+1444518]
GetHandleVerifier [0x004DBCE8+1398376]
Ordinal0 [0x00267F51+2064209]
Ordinal0 [0x002722EB+2106091]
Ordinal0 [0x00272411+2106385]
Ordinal0 [0x002849C4+2181572]
BaseThreadInitThunk [0x75016359+25]
RtlGetAppContainerNamedObjectPath [0x77027C24+228]
RtlGetAppContainerNamedObjectPath [0x77027BF4+180]
(No symbol) [0x00000000]
]]>
            </message>
            <full-stacktrace>
              <![CDATA[org.openqa.selenium.SessionNotCreatedException: session not created
from chrome not reachable
  (Session info: chrome=85.0.4183.121)
Build info: version: '3.141.59', revision: 'e82be7d358', time: '2018-11-14T08:17:03'
System info: host: 'DESKTOP-N0G48FS', ip: '192.168.1.2', os.name: 'Windows 10', os.arch: 'amd64', os.version: '10.0', java.version: '1.8.0_241'
Driver info: driver.version: ChromeDriver
remote stacktrace: Backtrace:
Ordinal0 [0x0036D383+3134339]
Ordinal0 [0x0025A171+2007409]
Ordinal0 [0x000FAD90+568720]
Ordinal0 [0x000F1364+529252]
Ordinal0 [0x000F1E4E+532046]
Ordinal0 [0x000F2C15+535573]
Ordinal0 [0x000EDFC5+516037]
Ordinal0 [0x000FBF70+573296]
Ordinal0 [0x000A1916+203030]
Ordinal0 [0x000A0C1D+199709]
Ordinal0 [0x0009EB0B+191243]
Ordinal0 [0x00082E77+77431]
Ordinal0 [0x00083E3E+81470]
Ordinal0 [0x00083DC9+81353]
Ordinal0 [0x00270CD9+2100441]
GetHandleVerifier [0x004DB75A+1396954]
GetHandleVerifier [0x004DB3D9+1396057]
GetHandleVerifier [0x004E7126+1444518]
GetHandleVerifier [0x004DBCE8+1398376]
Ordinal0 [0x00267F51+2064209]
Ordinal0 [0x002722EB+2106091]
Ordinal0 [0x00272411+2106385]
Ordinal0 [0x002849C4+2181572]
BaseThreadInitThunk [0x75016359+25]
RtlGetAppContainerNamedObjectPath [0x77027C24+228]
RtlGetAppContainerNamedObjectPath [0x77027BF4+180]
(No symbol) [0x00000000]

at sun.reflect.NativeConstructorAccessorImpl.newInstance0(Native Method)
at sun.reflect.NativeConstructorAccessorImpl.newInstance(Unknown Source)
at sun.reflect.DelegatingConstructorAccessorImpl.newInstance(Unknown Source)
at java.lang.reflect.Constructor.newInstance(Unknown Source)
at org.openqa.selenium.remote.W3CHandshakeResponse.lambda$errorHandler$0(W3CHandshakeResponse.java:62)
at org.openqa.selenium.remote.HandshakeResponse.lambda$getResponseFunction$0(HandshakeResponse.java:30)
at org.openqa.selenium.remote.ProtocolHandshake.lambda$createSession$0(ProtocolHandshake.java:126)
at java.util.stream.ReferencePipeline$3$1.accept(Unknown Source)
at java.util.Spliterators$ArraySpliterator.tryAdvance(Unknown Source)
at java.util.stream.ReferencePipeline.forEachWithCancel(Unknown Source)
at java.util.stream.AbstractPipeline.copyIntoWithCancel(Unknown Source)
at java.util.stream.AbstractPipeline.copyInto(Unknown Source)
at java.util.stream.AbstractPipeline.wrapAndCopyInto(Unknown Source)
at java.util.stream.FindOps$FindOp.evaluateSequential(Unknown Source)
at java.util.stream.AbstractPipeline.evaluate(Unknown Source)
at java.util.stream.ReferencePipeline.findFirst(Unknown Source)
at org.openqa.selenium.remote.ProtocolHandshake.createSession(ProtocolHandshake.java:128)
at org.openqa.selenium.remote.ProtocolHandshake.createSession(ProtocolHandshake.java:74)
at org.openqa.selenium.remote.HttpCommandExecutor.execute(HttpCommandExecutor.java:136)
at org.openqa.selenium.remote.service.DriverCommandExecutor.execute(DriverCommandExecutor.java:83)
at org.openqa.selenium.remote.RemoteWebDriver.execute(RemoteWebDriver.java:552)
at org.openqa.selenium.remote.RemoteWebDriver.startSession(RemoteWebDriver.java:213)
at org.openqa.selenium.remote.RemoteWebDriver.<init>(RemoteWebDriver.java:131)
at org.openqa.selenium.chrome.ChromeDriver.<init>(ChromeDriver.java:181)
at org.openqa.selenium.chrome.ChromeDriver.<init>(ChromeDriver.java:168)
at org.openqa.selenium.chrome.ChromeDriver.<init>(ChromeDriver.java:123)
at com.utility.BrowserFactory.startApplication(BrowserFactory.java:16)
at com.utility.BaseClass.setup(BaseClass.java:15)
at sun.reflect.NativeMethodAccessorImpl.invoke0(Native Method)
at sun.reflect.NativeMethodAccessorImpl.invoke(Unknown Source)
at sun.reflect.DelegatingMethodAccessorImpl.invoke(Unknown Source)
at java.lang.reflect.Method.invoke(Unknown Source)
at org.testng.internal.MethodInvocationHelper.invokeMethod(MethodInvocationHelper.java:135)
at org.testng.internal.MethodInvocationHelper.invokeMethodConsideringTimeout(MethodInvocationHelper.java:64)
at org.testng.internal.ConfigInvoker.invokeConfigurationMethod(ConfigInvoker.java:364)
at org.testng.internal.ConfigInvoker.invokeConfigurations(ConfigInvoker.java:318)
at org.testng.internal.TestMethodWorker.invokeBeforeClassMethods(TestMethodWorker.java:176)
at org.testng.internal.TestMethodWorker.run(TestMethodWorker.java:122)
at java.util.ArrayList.forEach(Unknown Source)
at org.testng.TestRunner.privateRun(TestRunner.java:767)
at org.testng.TestRunner.run(TestRunner.java:588)
at org.testng.SuiteRunner.runTest(SuiteRunner.java:384)
at org.testng.SuiteRunner.runSequentially(SuiteRunner.java:378)
at org.testng.SuiteRunner.privateRun(SuiteRunner.java:337)
at org.testng.SuiteRunner.run(SuiteRunner.java:286)
at org.testng.SuiteRunnerWorker.runSuite(SuiteRunnerWorker.java:53)
at org.testng.SuiteRunnerWorker.run(SuiteRunnerWorker.java:96)
at org.testng.TestNG.runSuitesSequentially(TestNG.java:1214)
at org.testng.TestNG.runSuitesLocally(TestNG.java:1136)
at org.testng.TestNG.runSuites(TestNG.java:1066)
at org.testng.TestNG.run(TestNG.java:1034)
at org.testng.remote.AbstractRemoteTestNG.run(AbstractRemoteTestNG.java:115)
at org.testng.remote.RemoteTestNG.initAndRun(RemoteTestNG.java:251)
at org.testng.remote.RemoteTestNG.main(RemoteTestNG.java:77)
]]>
            </full-stacktrace>
          </exception> <!-- org.openqa.selenium.SessionNotCreatedException -->
          <reporter-output>
          </reporter-output>
        </test-method> <!-- adminloginapp -->
        <test-method status="SKIP" signature="teardown()[pri:0, instance:com.testcases.AdminApp@c03cf28]" name="teardown" is-config="true" duration-ms="-1601374447780" started-at="2020-09-29T15:44:07 IST" finished-at="1970-01-01T05:30:00 IST">
          <reporter-output>
          </reporter-output>
        </test-method> <!-- teardown -->
      </class> <!-- com.testcases.AdminApp -->
    </test> <!-- Default test -->
  </suite> <!-- Default suite -->
</testng-results>
