<?xml version="1.0" encoding="UTF-8"?>
<!-- Generated by org.testng.reporters.JUnitXMLReporter -->
<testsuite hostname="DESKTOP-N0G48FS" ignored="0" name="Default test" tests="1" failures="0" timestamp="2020-09-29T15:44:07 IST" time="45.21" errors="0">
  <testcase name="@BeforeClass setup" time="45.047" classname="com.utility.BaseClass">
    <failure type="org.openqa.selenium.SessionNotCreatedException" message="session not created
from chrome not reachable
  (Session info: chrome=85.0.4183.121)
Build info: version: &amp;apos;3.141.59&amp;apos;, revision: &amp;apos;e82be7d358&amp;apos;, time: &amp;apos;2018-11-14T08:17:03&amp;apos;
System info: host: &amp;apos;DESKTOP-N0G48FS&amp;apos;, ip: &amp;apos;192.168.1.2&amp;apos;, os.name: &amp;apos;Windows 10&amp;apos;, os.arch: &amp;apos;amd64&amp;apos;, os.version: &amp;apos;10.0&amp;apos;, java.version: &amp;apos;1.8.0_241&amp;apos;
Driver info: driver.version: ChromeDriver
remote stacktrace: Backtrace:
	Ordinal0 [0x0036D383+3134339]
	Ordinal0 [0x0025A171+2007409]
	Ordinal0 [0x000FAD90+568720]
	Ordinal0 [0x000F1364+529252]
	Ordinal0 [0x000F1E4E+532046]
	Ordinal0 [0x000F2C15+535573]
	Ordinal0 [0x000EDFC5+516037]
	Ordinal0 [0x000FBF70+573296]
	Ordinal0 [0x000A1916+203030]
	Ordinal0 [0x000A0C1D+199709]
	Ordinal0 [0x0009EB0B+191243]
	Ordinal0 [0x00082E77+77431]
	Ordinal0 [0x00083E3E+81470]
	Ordinal0 [0x00083DC9+81353]
	Ordinal0 [0x00270CD9+2100441]
	GetHandleVerifier [0x004DB75A+1396954]
	GetHandleVerifier [0x004DB3D9+1396057]
	GetHandleVerifier [0x004E7126+1444518]
	GetHandleVerifier [0x004DBCE8+1398376]
	Ordinal0 [0x00267F51+2064209]
	Ordinal0 [0x002722EB+2106091]
	Ordinal0 [0x00272411+2106385]
	Ordinal0 [0x002849C4+2181572]
	BaseThreadInitThunk [0x75016359+25]
	RtlGetAppContainerNamedObjectPath [0x77027C24+228]
	RtlGetAppContainerNamedObjectPath [0x77027BF4+180]
	(No symbol) [0x00000000]
">
      <![CDATA[org.openqa.selenium.SessionNotCreatedException: session not created
from chrome not reachable
  (Session info: chrome=85.0.4183.121)
Build info: version: '3.141.59', revision: 'e82be7d358', time: '2018-11-14T08:17:03'
System info: host: 'DESKTOP-N0G48FS', ip: '192.168.1.2', os.name: 'Windows 10', os.arch: 'amd64', os.version: '10.0', java.version: '1.8.0_241'
Driver info: driver.version: ChromeDriver
remote stacktrace: Backtrace:
Ordinal0 [0x0036D383+3134339]
Ordinal0 [0x0025A171+2007409]
Ordinal0 [0x000FAD90+568720]
Ordinal0 [0x000F1364+529252]
Ordinal0 [0x000F1E4E+532046]
Ordinal0 [0x000F2C15+535573]
Ordinal0 [0x000EDFC5+516037]
Ordinal0 [0x000FBF70+573296]
Ordinal0 [0x000A1916+203030]
Ordinal0 [0x000A0C1D+199709]
Ordinal0 [0x0009EB0B+191243]
Ordinal0 [0x00082E77+77431]
Ordinal0 [0x00083E3E+81470]
Ordinal0 [0x00083DC9+81353]
Ordinal0 [0x00270CD9+2100441]
GetHandleVerifier [0x004DB75A+1396954]
GetHandleVerifier [0x004DB3D9+1396057]
GetHandleVerifier [0x004E7126+1444518]
GetHandleVerifier [0x004DBCE8+1398376]
Ordinal0 [0x00267F51+2064209]
Ordinal0 [0x002722EB+2106091]
Ordinal0 [0x00272411+2106385]
Ordinal0 [0x002849C4+2181572]
BaseThreadInitThunk [0x75016359+25]
RtlGetAppContainerNamedObjectPath [0x77027C24+228]
RtlGetAppContainerNamedObjectPath [0x77027BF4+180]
(No symbol) [0x00000000]

at sun.reflect.NativeConstructorAccessorImpl.newInstance0(Native Method)
at sun.reflect.NativeConstructorAccessorImpl.newInstance(Unknown Source)
at sun.reflect.DelegatingConstructorAccessorImpl.newInstance(Unknown Source)
at java.lang.reflect.Constructor.newInstance(Unknown Source)
at org.openqa.selenium.remote.W3CHandshakeResponse.lambda$errorHandler$0(W3CHandshakeResponse.java:62)
at org.openqa.selenium.remote.HandshakeResponse.lambda$getResponseFunction$0(HandshakeResponse.java:30)
at org.openqa.selenium.remote.ProtocolHandshake.lambda$createSession$0(ProtocolHandshake.java:126)
at java.util.stream.ReferencePipeline$3$1.accept(Unknown Source)
at java.util.Spliterators$ArraySpliterator.tryAdvance(Unknown Source)
at java.util.stream.ReferencePipeline.forEachWithCancel(Unknown Source)
at java.util.stream.AbstractPipeline.copyIntoWithCancel(Unknown Source)
at java.util.stream.AbstractPipeline.copyInto(Unknown Source)
at java.util.stream.AbstractPipeline.wrapAndCopyInto(Unknown Source)
at java.util.stream.FindOps$FindOp.evaluateSequential(Unknown Source)
at java.util.stream.AbstractPipeline.evaluate(Unknown Source)
at java.util.stream.ReferencePipeline.findFirst(Unknown Source)
at org.openqa.selenium.remote.ProtocolHandshake.createSession(ProtocolHandshake.java:128)
at org.openqa.selenium.remote.ProtocolHandshake.createSession(ProtocolHandshake.java:74)
at org.openqa.selenium.remote.HttpCommandExecutor.execute(HttpCommandExecutor.java:136)
at org.openqa.selenium.remote.service.DriverCommandExecutor.execute(DriverCommandExecutor.java:83)
at org.openqa.selenium.remote.RemoteWebDriver.execute(RemoteWebDriver.java:552)
at org.openqa.selenium.remote.RemoteWebDriver.startSession(RemoteWebDriver.java:213)
at org.openqa.selenium.remote.RemoteWebDriver.<init>(RemoteWebDriver.java:131)
at org.openqa.selenium.chrome.ChromeDriver.<init>(ChromeDriver.java:181)
at org.openqa.selenium.chrome.ChromeDriver.<init>(ChromeDriver.java:168)
at org.openqa.selenium.chrome.ChromeDriver.<init>(ChromeDriver.java:123)
at com.utility.BrowserFactory.startApplication(BrowserFactory.java:16)
at com.utility.BaseClass.setup(BaseClass.java:15)
at sun.reflect.NativeMethodAccessorImpl.invoke0(Native Method)
at sun.reflect.NativeMethodAccessorImpl.invoke(Unknown Source)
at sun.reflect.DelegatingMethodAccessorImpl.invoke(Unknown Source)
at java.lang.reflect.Method.invoke(Unknown Source)
at org.testng.internal.MethodInvocationHelper.invokeMethod(MethodInvocationHelper.java:135)
at org.testng.internal.MethodInvocationHelper.invokeMethodConsideringTimeout(MethodInvocationHelper.java:64)
at org.testng.internal.ConfigInvoker.invokeConfigurationMethod(ConfigInvoker.java:364)
at org.testng.internal.ConfigInvoker.invokeConfigurations(ConfigInvoker.java:318)
at org.testng.internal.TestMethodWorker.invokeBeforeClassMethods(TestMethodWorker.java:176)
at org.testng.internal.TestMethodWorker.run(TestMethodWorker.java:122)
at java.util.ArrayList.forEach(Unknown Source)
at org.testng.TestRunner.privateRun(TestRunner.java:767)
at org.testng.TestRunner.run(TestRunner.java:588)
at org.testng.SuiteRunner.runTest(SuiteRunner.java:384)
at org.testng.SuiteRunner.runSequentially(SuiteRunner.java:378)
at org.testng.SuiteRunner.privateRun(SuiteRunner.java:337)
at org.testng.SuiteRunner.run(SuiteRunner.java:286)
at org.testng.SuiteRunnerWorker.runSuite(SuiteRunnerWorker.java:53)
at org.testng.SuiteRunnerWorker.run(SuiteRunnerWorker.java:96)
at org.testng.TestNG.runSuitesSequentially(TestNG.java:1214)
at org.testng.TestNG.runSuitesLocally(TestNG.java:1136)
at org.testng.TestNG.runSuites(TestNG.java:1066)
at org.testng.TestNG.run(TestNG.java:1034)
at org.testng.remote.AbstractRemoteTestNG.run(AbstractRemoteTestNG.java:115)
at org.testng.remote.RemoteTestNG.initAndRun(RemoteTestNG.java:251)
at org.testng.remote.RemoteTestNG.main(RemoteTestNG.java:77)
]]>
    </failure>
  </testcase> <!-- @BeforeClass setup -->
  <testcase name="@AfterClass teardown" time="-1.60137444778E9" classname="com.utility.BaseClass">
    <skipped/>
  </testcase> <!-- @AfterClass teardown -->
  <testcase name="adminloginapp" time="0.0" classname="com.testcases.AdminApp">
    <skipped/>
  </testcase> <!-- adminloginapp -->
</testsuite> <!-- Default test -->
